<?xml version="1.0" encoding="UTF-8"?>
<coverage generated="1752009014327" clover="3.2.0">
  <project timestamp="1752009014327" name="All files">
    <metrics statements="36" coveredstatements="33" conditionals="45" coveredconditionals="24" methods="6" coveredmethods="6" elements="87" coveredelements="63" complexity="0" loc="36" ncloc="36" packages="5" files="5" classes="5"/>
    <package name="app._components.Header.Nav">
      <metrics statements="5" coveredstatements="5" conditionals="4" coveredconditionals="2" methods="2" coveredmethods="2"/>
      <file name="index.tsx" path="/app/src/app/_components/Header/Nav/index.tsx">
        <metrics statements="5" coveredstatements="5" conditionals="4" coveredconditionals="2" methods="2" coveredmethods="2"/>
        <line num="16" count="1" type="stmt"/>
        <line num="17" count="4" type="cond" truecount="1" falsecount="1"/>
        <line num="18" count="4" type="stmt"/>
        <line num="20" count="4" type="stmt"/>
        <line num="36" count="6" type="stmt"/>
      </file>
    </package>
    <package name="app._components.Link">
      <metrics statements="8" coveredstatements="5" conditionals="23" coveredconditionals="4" methods="1" coveredmethods="1"/>
      <file name="index.tsx" path="/app/src/app/_components/Link/index.tsx">
        <metrics statements="8" coveredstatements="5" conditionals="23" coveredconditionals="4" methods="1" coveredmethods="1"/>
        <line num="22" count="1" type="stmt"/>
        <line num="34" count="6" type="cond" truecount="2" falsecount="3"/>
        <line num="40" count="6" type="cond" truecount="1" falsecount="1"/>
        <line num="42" count="6" type="cond" truecount="1" falsecount="1"/>
        <line num="43" count="0" type="cond" truecount="0" falsecount="2"/>
        <line num="45" count="0" type="cond" truecount="0" falsecount="4"/>
        <line num="46" count="0" type="stmt"/>
        <line num="55" count="6" type="stmt"/>
      </file>
    </package>
    <package name="payload.access">
      <metrics statements="4" coveredstatements="4" conditionals="4" coveredconditionals="4" methods="1" coveredmethods="1"/>
      <file name="isClerkAuthenticated.ts" path="/app/src/payload/access/isClerkAuthenticated.ts">
        <metrics statements="4" coveredstatements="4" conditionals="4" coveredconditionals="4" methods="1" coveredmethods="1"/>
        <line num="5" count="1" type="stmt"/>
        <line num="7" count="5" type="cond" truecount="4" falsecount="0"/>
        <line num="8" count="1" type="stmt"/>
        <line num="12" count="4" type="stmt"/>
      </file>
    </package>
    <package name="payload.collections.Ads.access">
      <metrics statements="12" coveredstatements="12" conditionals="10" coveredconditionals="10" methods="1" coveredmethods="1"/>
      <file name="isOwnerOrAdmin.ts" path="/app/src/payload/collections/Ads/access/isOwnerOrAdmin.ts">
        <metrics statements="12" coveredstatements="12" conditionals="10" coveredconditionals="10" methods="1" coveredmethods="1"/>
        <line num="7" count="1" type="stmt"/>
        <line num="8" count="7" type="stmt"/>
        <line num="11" count="7" type="stmt"/>
        <line num="13" count="7" type="stmt"/>
        <line num="17" count="7" type="cond" truecount="2" falsecount="0"/>
        <line num="18" count="1" type="stmt"/>
        <line num="23" count="6" type="cond" truecount="2" falsecount="0"/>
        <line num="24" count="1" type="stmt"/>
        <line num="29" count="5" type="cond" truecount="4" falsecount="0"/>
        <line num="31" count="3" type="cond" truecount="2" falsecount="0"/>
        <line num="32" count="1" type="stmt"/>
        <line num="44" count="4" type="stmt"/>
      </file>
    </package>
    <package name="payload.collections.Ads.hooks">
      <metrics statements="7" coveredstatements="7" conditionals="4" coveredconditionals="4" methods="1" coveredmethods="1"/>
      <file name="populateAuthorClerkId.ts" path="/app/src/payload/collections/Ads/hooks/populateAuthorClerkId.ts">
        <metrics statements="7" coveredstatements="7" conditionals="4" coveredconditionals="4" methods="1" coveredmethods="1"/>
        <line num="8" count="1" type="stmt"/>
        <line num="13" count="6" type="cond" truecount="2" falsecount="0"/>
        <line num="15" count="4" type="stmt"/>
        <line num="17" count="4" type="cond" truecount="2" falsecount="0"/>
        <line num="18" count="1" type="stmt"/>
        <line num="22" count="3" type="stmt"/>
        <line num="29" count="6" type="stmt"/>
      </file>
    </package>
  </project>
</coverage>
