{"/app/src/app/_components/Header/Nav/index.tsx": {"path":"/app/src/app/_components/Header/Nav/index.tsx","statementMap":{"0":{"start":{"line":16,"column":59},"end":{"line":56,"column":1}},"1":{"start":{"line":17,"column":19},"end":{"line":17,"column":41}},"2":{"start":{"line":18,"column":25},"end":{"line":18,"column":34}},"3":{"start":{"line":20,"column":2},"end":{"line":55,"column":3}},"4":{"start":{"line":36,"column":8},"end":{"line":36,"column":90}}},"fnMap":{"0":{"name":"(anonymous_0)","decl":{"start":{"line":16,"column":59},"end":{"line":16,"column":60}},"loc":{"start":{"line":16,"column":75},"end":{"line":56,"column":1}},"line":16},"1":{"name":"(anonymous_1)","decl":{"start":{"line":35,"column":20},"end":{"line":35,"column":21}},"loc":{"start":{"line":35,"column":37},"end":{"line":37,"column":7}},"line":35}},"branchMap":{"0":{"loc":{"start":{"line":17,"column":19},"end":{"line":17,"column":41}},"type":"binary-expr","locations":[{"start":{"line":17,"column":19},"end":{"line":17,"column":35}},{"start":{"line":17,"column":39},"end":{"line":17,"column":41}}],"line":17},"1":{"loc":{"start":{"line":26,"column":8},"end":{"line":26,"column":48}},"type":"binary-expr","locations":[{"start":{"line":26,"column":8},"end":{"line":26,"column":32}},{"start":{"line":26,"column":36},"end":{"line":26,"column":48}}],"line":26}},"s":{"0":1,"1":4,"2":4,"3":4,"4":6},"f":{"0":4,"1":6},"b":{"0":[4,0],"1":[4,0]},"_coverageSchema":"1a1c01bbd47fc00a2c39e90264f33305004495a9","hash":"c3fedd7aafeac02a1cb45c699d188559595abb3c"}
,"/app/src/app/_components/Link/index.tsx": {"path":"/app/src/app/_components/Link/index.tsx","statementMap":{"0":{"start":{"line":22,"column":46},"end":{"line":65,"column":1}},"1":{"start":{"line":34,"column":4},"end":{"line":38,"column":11}},"2":{"start":{"line":40,"column":2},"end":{"line":40,"column":24}},"3":{"start":{"line":40,"column":13},"end":{"line":40,"column":24}},"4":{"start":{"line":42,"column":2},"end":{"line":53,"column":3}},"5":{"start":{"line":43,"column":24},"end":{"line":43,"column":86}},"6":{"start":{"line":45,"column":4},"end":{"line":52,"column":5}},"7":{"start":{"line":46,"column":6},"end":{"line":51,"column":7}},"8":{"start":{"line":55,"column":2},"end":{"line":64,"column":3}}},"fnMap":{"0":{"name":"(anonymous_0)","decl":{"start":{"line":22,"column":46},"end":{"line":22,"column":47}},"loc":{"start":{"line":32,"column":6},"end":{"line":65,"column":1}},"line":32}},"branchMap":{"0":{"loc":{"start":{"line":34,"column":4},"end":{"line":38,"column":11}},"type":"cond-expr","locations":[{"start":{"line":35,"column":8},"end":{"line":37,"column":10}},{"start":{"line":38,"column":8},"end":{"line":38,"column":11}}],"line":34},"1":{"loc":{"start":{"line":34,"column":4},"end":{"line":34,"column":88}},"type":"binary-expr","locations":[{"start":{"line":34,"column":4},"end":{"line":34,"column":24}},{"start":{"line":34,"column":28},"end":{"line":34,"column":64}},{"start":{"line":34,"column":68},"end":{"line":34,"column":88}}],"line":34},"2":{"loc":{"start":{"line":35,"column":11},"end":{"line":35,"column":79}},"type":"cond-expr","locations":[{"start":{"line":35,"column":47},"end":{"line":35,"column":74}},{"start":{"line":35,"column":77},"end":{"line":35,"column":79}}],"line":35},"3":{"loc":{"start":{"line":40,"column":2},"end":{"line":40,"column":24}},"type":"if","locations":[{"start":{"line":40,"column":2},"end":{"line":40,"column":24}},{"start":{},"end":{}}],"line":40},"4":{"loc":{"start":{"line":42,"column":2},"end":{"line":53,"column":3}},"type":"if","locations":[{"start":{"line":42,"column":2},"end":{"line":53,"column":3}},{"start":{},"end":{}}],"line":42},"5":{"loc":{"start":{"line":43,"column":24},"end":{"line":43,"column":86}},"type":"cond-expr","locations":[{"start":{"line":43,"column":33},"end":{"line":43,"column":81}},{"start":{"line":43,"column":84},"end":{"line":43,"column":86}}],"line":43},"6":{"loc":{"start":{"line":45,"column":4},"end":{"line":52,"column":5}},"type":"if","locations":[{"start":{"line":45,"column":4},"end":{"line":52,"column":5}},{"start":{},"end":{}}],"line":45},"7":{"loc":{"start":{"line":45,"column":8},"end":{"line":45,"column":19}},"type":"binary-expr","locations":[{"start":{"line":45,"column":8},"end":{"line":45,"column":12}},{"start":{"line":45,"column":16},"end":{"line":45,"column":19}}],"line":45},"8":{"loc":{"start":{"line":47,"column":37},"end":{"line":47,"column":48}},"type":"binary-expr","locations":[{"start":{"line":47,"column":37},"end":{"line":47,"column":41}},{"start":{"line":47,"column":45},"end":{"line":47,"column":48}}],"line":47},"9":{"loc":{"start":{"line":48,"column":11},"end":{"line":48,"column":25}},"type":"binary-expr","locations":[{"start":{"line":48,"column":11},"end":{"line":48,"column":16}},{"start":{"line":48,"column":20},"end":{"line":48,"column":25}}],"line":48},"10":{"loc":{"start":{"line":49,"column":11},"end":{"line":49,"column":31}},"type":"binary-expr","locations":[{"start":{"line":49,"column":11},"end":{"line":49,"column":19}},{"start":{"line":49,"column":23},"end":{"line":49,"column":31}}],"line":49}},"s":{"0":1,"1":6,"2":6,"3":0,"4":6,"5":0,"6":0,"7":0,"8":6},"f":{"0":6},"b":{"0":[0,6],"1":[6,0,0],"2":[0,0],"3":[0,6],"4":[0,6],"5":[0,0],"6":[0,0],"7":[0,0],"8":[0,0],"9":[0,0],"10":[0,0]},"_coverageSchema":"1a1c01bbd47fc00a2c39e90264f33305004495a9","hash":"9e6375a8f28e5a975b23372bd39874c69707f23d"}
,"/app/src/payload/access/isClerkAuthenticated.ts": {"path":"/app/src/payload/access/isClerkAuthenticated.ts","statementMap":{"0":{"start":{"line":5,"column":44},"end":{"line":13,"column":1}},"1":{"start":{"line":7,"column":2},"end":{"line":9,"column":3}},"2":{"start":{"line":8,"column":4},"end":{"line":8,"column":16}},"3":{"start":{"line":12,"column":2},"end":{"line":12,"column":15}}},"fnMap":{"0":{"name":"(anonymous_0)","decl":{"start":{"line":5,"column":44},"end":{"line":5,"column":45}},"loc":{"start":{"line":5,"column":79},"end":{"line":13,"column":1}},"line":5}},"branchMap":{"0":{"loc":{"start":{"line":7,"column":2},"end":{"line":9,"column":3}},"type":"if","locations":[{"start":{"line":7,"column":2},"end":{"line":9,"column":3}},{"start":{},"end":{}}],"line":7},"1":{"loc":{"start":{"line":7,"column":6},"end":{"line":7,"column":33}},"type":"binary-expr","locations":[{"start":{"line":7,"column":6},"end":{"line":7,"column":14}},{"start":{"line":7,"column":18},"end":{"line":7,"column":33}}],"line":7}},"s":{"0":1,"1":5,"2":1,"3":4},"f":{"0":5},"b":{"0":[1,4],"1":[5,4]},"_coverageSchema":"1a1c01bbd47fc00a2c39e90264f33305004495a9","hash":"9c9b851f93cffb66341eccb300b0dcee29a0a1e6"}
,"/app/src/payload/collections/Ads/access/isOwnerOrAdmin.ts": {"path":"/app/src/payload/collections/Ads/access/isOwnerOrAdmin.ts","statementMap":{"0":{"start":{"line":7,"column":42},"end":{"line":45,"column":1}},"1":{"start":{"line":8,"column":27},"end":{"line":8,"column":31}},"2":{"start":{"line":11,"column":22},"end":{"line":11,"column":38}},"3":{"start":{"line":13,"column":24},"end":{"line":13,"column":63}},"4":{"start":{"line":17,"column":2},"end":{"line":19,"column":3}},"5":{"start":{"line":18,"column":4},"end":{"line":18,"column":17}},"6":{"start":{"line":23,"column":2},"end":{"line":25,"column":3}},"7":{"start":{"line":24,"column":4},"end":{"line":24,"column":16}},"8":{"start":{"line":29,"column":2},"end":{"line":34,"column":3}},"9":{"start":{"line":31,"column":4},"end":{"line":33,"column":5}},"10":{"start":{"line":32,"column":6},"end":{"line":32,"column":18}},"11":{"start":{"line":44,"column":2},"end":{"line":44,"column":15}}},"fnMap":{"0":{"name":"(anonymous_0)","decl":{"start":{"line":7,"column":42},"end":{"line":7,"column":43}},"loc":{"start":{"line":7,"column":68},"end":{"line":45,"column":1}},"line":7}},"branchMap":{"0":{"loc":{"start":{"line":17,"column":2},"end":{"line":19,"column":3}},"type":"if","locations":[{"start":{"line":17,"column":2},"end":{"line":19,"column":3}},{"start":{},"end":{}}],"line":17},"1":{"loc":{"start":{"line":23,"column":2},"end":{"line":25,"column":3}},"type":"if","locations":[{"start":{"line":23,"column":2},"end":{"line":25,"column":3}},{"start":{},"end":{}}],"line":23},"2":{"loc":{"start":{"line":29,"column":2},"end":{"line":34,"column":3}},"type":"if","locations":[{"start":{"line":29,"column":2},"end":{"line":34,"column":3}},{"start":{},"end":{}}],"line":29},"3":{"loc":{"start":{"line":29,"column":6},"end":{"line":29,"column":15}},"type":"binary-expr","locations":[{"start":{"line":29,"column":6},"end":{"line":29,"column":8}},{"start":{"line":29,"column":12},"end":{"line":29,"column":15}}],"line":29},"4":{"loc":{"start":{"line":31,"column":4},"end":{"line":33,"column":5}},"type":"if","locations":[{"start":{"line":31,"column":4},"end":{"line":33,"column":5}},{"start":{},"end":{}}],"line":31}},"s":{"0":1,"1":7,"2":7,"3":7,"4":7,"5":1,"6":6,"7":1,"8":5,"9":3,"10":1,"11":4},"f":{"0":7},"b":{"0":[1,6],"1":[1,5],"2":[3,2],"3":[5,4],"4":[1,2]},"_coverageSchema":"1a1c01bbd47fc00a2c39e90264f33305004495a9","hash":"a7a2a33647a18b1c08d169f029af7cc1d3b052bb"}
,"/app/src/payload/collections/Ads/hooks/populateAuthorClerkId.ts": {"path":"/app/src/payload/collections/Ads/hooks/populateAuthorClerkId.ts","statementMap":{"0":{"start":{"line":8,"column":69},"end":{"line":30,"column":1}},"1":{"start":{"line":13,"column":2},"end":{"line":28,"column":3}},"2":{"start":{"line":15,"column":24},"end":{"line":15,"column":40}},"3":{"start":{"line":17,"column":4},"end":{"line":27,"column":5}},"4":{"start":{"line":18,"column":6},"end":{"line":18,"column":39}},"5":{"start":{"line":22,"column":6},"end":{"line":24,"column":8}},"6":{"start":{"line":29,"column":2},"end":{"line":29,"column":14}}},"fnMap":{"0":{"name":"(anonymous_0)","decl":{"start":{"line":8,"column":69},"end":{"line":8,"column":70}},"loc":{"start":{"line":12,"column":6},"end":{"line":30,"column":1}},"line":12}},"branchMap":{"0":{"loc":{"start":{"line":13,"column":2},"end":{"line":28,"column":3}},"type":"if","locations":[{"start":{"line":13,"column":2},"end":{"line":28,"column":3}},{"start":{},"end":{}}],"line":13},"1":{"loc":{"start":{"line":17,"column":4},"end":{"line":27,"column":5}},"type":"if","locations":[{"start":{"line":17,"column":4},"end":{"line":27,"column":5}},{"start":{"line":19,"column":11},"end":{"line":27,"column":5}}],"line":17}},"s":{"0":1,"1":6,"2":4,"3":4,"4":1,"5":3,"6":6},"f":{"0":6},"b":{"0":[4,2],"1":[1,3]},"_coverageSchema":"1a1c01bbd47fc00a2c39e90264f33305004495a9","hash":"3a36fec733ef458c9a6cf7d246ce405f6e083ba5"}
}
