TN:
SF:src/app/_components/Header/Nav/index.tsx
FN:16,(anonymous_0)
FN:35,(anonymous_1)
FNF:2
FNH:2
FNDA:4,(anonymous_0)
FNDA:6,(anonymous_1)
DA:16,1
DA:17,4
DA:18,4
DA:20,4
DA:36,6
LF:5
LH:5
BRDA:17,0,0,4
BRDA:17,0,1,0
BRDA:26,1,0,4
BRDA:26,1,1,0
BRF:4
BRH:2
end_of_record
TN:
SF:src/app/_components/Link/index.tsx
FN:22,(anonymous_0)
FNF:1
FNH:1
FNDA:6,(anonymous_0)
DA:22,1
DA:34,6
DA:40,6
DA:42,6
DA:43,0
DA:45,0
DA:46,0
DA:55,6
LF:8
LH:5
BRDA:34,0,0,0
BRDA:34,0,1,6
BRDA:34,1,0,6
BRDA:34,1,1,0
BRDA:34,1,2,0
BRDA:35,2,0,0
BRDA:35,2,1,0
BRDA:40,3,0,0
BRDA:40,3,1,6
BRDA:42,4,0,0
BRDA:42,4,1,6
BRDA:43,5,0,0
BRDA:43,5,1,0
BRDA:45,6,0,0
BRDA:45,6,1,0
BRDA:45,7,0,0
BRDA:45,7,1,0
BRDA:47,8,0,0
BRDA:47,8,1,0
BRDA:48,9,0,0
BRDA:48,9,1,0
BRDA:49,10,0,0
BRDA:49,10,1,0
BRF:23
BRH:4
end_of_record
TN:
SF:src/payload/access/isClerkAuthenticated.ts
FN:5,(anonymous_0)
FNF:1
FNH:1
FNDA:5,(anonymous_0)
DA:5,1
DA:7,5
DA:8,1
DA:12,4
LF:4
LH:4
BRDA:7,0,0,1
BRDA:7,0,1,4
BRDA:7,1,0,5
BRDA:7,1,1,4
BRF:4
BRH:4
end_of_record
TN:
SF:src/payload/collections/Ads/access/isOwnerOrAdmin.ts
FN:7,(anonymous_0)
FNF:1
FNH:1
FNDA:7,(anonymous_0)
DA:7,1
DA:8,7
DA:11,7
DA:13,7
DA:17,7
DA:18,1
DA:23,6
DA:24,1
DA:29,5
DA:31,3
DA:32,1
DA:44,4
LF:12
LH:12
BRDA:17,0,0,1
BRDA:17,0,1,6
BRDA:23,1,0,1
BRDA:23,1,1,5
BRDA:29,2,0,3
BRDA:29,2,1,2
BRDA:29,3,0,5
BRDA:29,3,1,4
BRDA:31,4,0,1
BRDA:31,4,1,2
BRF:10
BRH:10
end_of_record
TN:
SF:src/payload/collections/Ads/hooks/populateAuthorClerkId.ts
FN:8,(anonymous_0)
FNF:1
FNH:1
FNDA:6,(anonymous_0)
DA:8,1
DA:13,6
DA:15,4
DA:17,4
DA:18,1
DA:22,3
DA:29,6
LF:7
LH:7
BRDA:13,0,0,4
BRDA:13,0,1,2
BRDA:17,1,0,1
BRDA:17,1,1,3
BRF:4
BRH:4
end_of_record
